[2022-08-16 21:35:12,679]^;WARNING^;224^;_internal.py^;_log()^; * Debugger is active!
[2022-08-16 21:35:12,688]^;INFO^;224^;_internal.py^;_log()^; * Debugger PIN: 134-210-643
[2022-08-16 21:35:15,601]^;INFO^;224^;_internal.py^;_log()^;127.0.0.1 - - [16/Aug/2022 21:35:15] "GET /saved_models HTTP/1.1" 200 -
[2022-08-16 21:35:17,706]^;INFO^;224^;_internal.py^;_log()^;127.0.0.1 - - [16/Aug/2022 21:35:17] "GET /artifact HTTP/1.1" 200 -
[2022-08-16 21:35:19,853]^;INFO^;223^;configuration.py^;get_training_pipeline_config()^;Training pipleine config: TrainingPipelineConfig(artifact_dir='C:\\Users\\jjini\\insurance-\\insurance\\artifact')
[2022-08-16 21:35:19,856]^;INFO^;116^;pipeline.py^;run_pipeline()^;Pipeline starting.
[2022-08-16 21:35:19,856]^;INFO^;132^;pipeline.py^;run_pipeline()^;Pipeline experiment: Experiment(experiment_id='fa257ccc-d7a8-4e14-8fe2-3dd72e896918', initialization_timestamp='2022-08-16-21-35-19', artifact_time_stamp='2022-08-16-21-35-19', running_status=True, start_time=datetime.datetime(2022, 8, 16, 21, 35, 19, 856034), stop_time=None, execution_time=None, message='Pipeline has been started.', experiment_file_path='C:\\Users\\jjini\\insurance-\\insurance\\artifact\\experiment\\experiment.csv', accuracy=None, is_model_accepted=None)
[2022-08-16 21:35:19,864]^;INFO^;224^;_internal.py^;_log()^;127.0.0.1 - - [16/Aug/2022 21:35:19] "GET /train HTTP/1.1" 200 -
[2022-08-16 21:35:19,867]^;INFO^;63^;configuration.py^;get_data_ingestion_config()^;Data Ingestion config: DataIngestionConfig(local_file='C:\\Users\\jjini\\insurance-\\Data\\insurance .csv', raw_data_dir='C:\\Users\\jjini\\insurance-\\insurance\\artifact\\data_ingestion\\2022-08-16-21-35-19\\ingested_data', ingested_train_dir='C:\\Users\\jjini\\insurance-\\insurance\\artifact\\data_ingestion\\2022-08-16-21-35-19\\ingested_data\\train', ingested_test_dir='C:\\Users\\jjini\\insurance-\\insurance\\artifact\\data_ingestion\\2022-08-16-21-35-19\\ingested_data\\test')
[2022-08-16 21:35:19,867]^;INFO^;21^;data_ingestion.py^;__init__()^;>>>>>>>>>>>>>>>>>>>>>>>>>>>>>>>>>>>>>>>>Data Ingestion log started.<<<<<<<<<<<<<<<<<<<<<<<<<<<<<<<<<<<<<<<< 
[2022-08-16 21:35:19,875]^;INFO^;54^;data_ingestion.py^;split_data_as_train_test()^;Reading csv file: [C:\Users\jjini\insurance-\insurance\artifact\data_ingestion\2022-08-16-21-35-19\ingested_data\insurance .csv]
[2022-08-16 21:35:19,895]^;INFO^;65^;data_ingestion.py^;split_data_as_train_test()^;Splitting data into train and test
[2022-08-16 21:35:19,903]^;INFO^;83^;data_ingestion.py^;split_data_as_train_test()^;Exporting training datset to file: [C:\Users\jjini\insurance-\insurance\artifact\data_ingestion\2022-08-16-21-35-19\ingested_data\train\train.csv]
[2022-08-16 21:35:19,916]^;INFO^;88^;data_ingestion.py^;split_data_as_train_test()^;Exporting test dataset to file: [C:\Users\jjini\insurance-\insurance\artifact\data_ingestion\2022-08-16-21-35-19\ingested_data\test\test.csv]
[2022-08-16 21:35:19,923]^;INFO^;96^;data_ingestion.py^;split_data_as_train_test()^;Data Ingestion artifact:[DataIngestionArtifact(train_file_path='C:\\Users\\jjini\\insurance-\\insurance\\artifact\\data_ingestion\\2022-08-16-21-35-19\\ingested_data\\train\\train.csv', test_file_path='C:\\Users\\jjini\\insurance-\\insurance\\artifact\\data_ingestion\\2022-08-16-21-35-19\\ingested_data\\test\\test.csv', message='Data ingestion completed successfully.')]
[2022-08-16 21:35:19,923]^;INFO^;114^;data_ingestion.py^;__del__()^;>>>>>>>>>>>>>>>>>>>>>>>>>>>>>>>>>>>>>>>>Data Ingestion log completed.<<<<<<<<<<<<<<<<<<<<<<<<<<<<<<<<<<<<<<<< 


[2022-08-16 21:35:19,923]^;INFO^;21^;data_validation.py^;__init__()^;>>>>>>>>>>>>>>>>>>>>>>>>>>>>>>>>>>>>>>>>>>>>>>>>>>>>>>>>>>>>Data Valdaition log started.<<<<<<<<<<<<<<<<<<<<<<<<<<<<<<<<<<<<<<<<<<<<<<<<<<<<<<<<<<<< 


[2022-08-16 21:35:20,267]^;INFO^;140^;data_validation.py^;initiate_data_validation()^;Data validation artifact: DataValidationArtifact(schema_file_path='C:\\Users\\jjini\\insurance-\\config\\schema.yaml', report_file_path='C:\\Users\\jjini\\insurance-\\insurance\\artifact\\data_validation\\2022-08-16-21-35-19\\report.json', report_page_file_path='C:\\Users\\jjini\\insurance-\\insurance\\artifact\\data_validation\\2022-08-16-21-35-19\\report.html', is_validated=True, message='Data Validation performed successully.')
[2022-08-16 21:35:20,267]^;INFO^;147^;data_validation.py^;__del__()^;>>>>>>>>>>>>>>>>>>>>>>>>>>>>>>>>>>>>>>>>>>>>>>>>>>>>>>>>>>>>Data Valdaition log completed.<<<<<<<<<<<<<<<<<<<<<<<<<<<<<<<<<<<<<<<<<<<<<<<<<<<<<<<<<<<< 


[2022-08-16 21:35:20,267]^;INFO^;146^;configuration.py^;get_data_transformation_config()^;Data transformation config: DataTransformationConfig(transformed_train_dir='C:\\Users\\jjini\\insurance-\\insurance\\artifact\\data_transformation\\2022-08-16-21-35-19\\transformed_data\\train', transformed_test_dir='C:\\Users\\jjini\\insurance-\\insurance\\artifact\\data_transformation\\2022-08-16-21-35-19\\transformed_data\\test', preprocessed_object_file_path='C:\\Users\\jjini\\insurance-\\insurance\\artifact\\data_transformation\\2022-08-16-21-35-19\\preprocessed\\preprocessed.pkl')
[2022-08-16 21:35:20,268]^;INFO^;31^;data_transformation.py^;__init__()^;>>>>>>>>>>>>>>>>>>>>>>>>>>>>>>>>>>>>>>>>>>>>>>>>>>>>>>>>>>>>Data Transformation log started.<<<<<<<<<<<<<<<<<<<<<<<<<<<<<<<<<<<<<<<<<<<<<<<<<<<<<<<<<<<< 
[2022-08-16 21:35:20,268]^;INFO^;82^;data_transformation.py^;initiate_data_transformation()^;Obtaining preprocessing object.
[2022-08-16 21:35:20,271]^;INFO^;66^;data_transformation.py^;get_data_transformer_object()^;Numerical columns: ['age', 'bmi', 'children', 'sex_male', 'smoker_yes', 'region_northwest', 'region_southeast', 'region_southwest']
[2022-08-16 21:35:20,271]^;INFO^;86^;data_transformation.py^;initiate_data_transformation()^;Obtaining training and test file path.
[2022-08-16 21:35:20,271]^;INFO^;93^;data_transformation.py^;initiate_data_transformation()^;Loading training and test data as pandas dataframe.
[2022-08-16 21:35:20,286]^;INFO^;103^;data_transformation.py^;initiate_data_transformation()^;Splitting input and target feature from training and testing dataframe.
[2022-08-16 21:35:20,288]^;INFO^;111^;data_transformation.py^;initiate_data_transformation()^;Applying preprocessing object on training dataframe and testing dataframe
[2022-08-16 21:35:20,298]^;INFO^;129^;data_transformation.py^;initiate_data_transformation()^;Saving transformed training and testing array.
[2022-08-16 21:35:20,307]^;INFO^;136^;data_transformation.py^;initiate_data_transformation()^;Saving preprocessing object.
[2022-08-16 21:35:20,310]^;INFO^;146^;data_transformation.py^;initiate_data_transformation()^;Data transformationa artifact: DataTransformationArtifact(is_transformed=True, message='Data transformation successfull.', transformed_train_file_path='C:\\Users\\jjini\\insurance-\\insurance\\artifact\\data_transformation\\2022-08-16-21-35-19\\transformed_data\\train\\train.npz', transformed_test_file_path='C:\\Users\\jjini\\insurance-\\insurance\\artifact\\data_transformation\\2022-08-16-21-35-19\\transformed_data\\test\\test.npz', preprocessed_object_file_path='C:\\Users\\jjini\\insurance-\\insurance\\artifact\\data_transformation\\2022-08-16-21-35-19\\preprocessed\\preprocessed.pkl')
[2022-08-16 21:35:20,310]^;INFO^;152^;data_transformation.py^;__del__()^;>>>>>>>>>>>>>>>>>>>>>>>>>>>>>>>>>>>>>>>>>>>>>>>>>>>>>>>>>>>>Data Transformation log completed.<<<<<<<<<<<<<<<<<<<<<<<<<<<<<<<<<<<<<<<<<<<<<<<<<<<<<<<<<<<< 


[2022-08-16 21:35:20,310]^;INFO^;177^;configuration.py^;get_model_trainer_config()^;Model trainer config: ModelTrainerConfig(trained_model_file_path='C:\\Users\\jjini\\insurance-\\insurance\\artifact\\model_trainer\\2022-08-16-21-35-19\\trained_model\\model.pkl', base_accuracy=0.6, model_config_file_path='config\\model.yaml')
[2022-08-16 21:35:20,310]^;INFO^;46^;model_trainer.py^;__init__()^;>>>>>>>>>>>>>>>>>>>>>>>>>>>>>>>>>>>>>>>>>>>>>>>>>>>>>>>>>>>>Model trainer log started.<<<<<<<<<<<<<<<<<<<<<<<<<<<<<<<<<<<<<<<<<<<<<<<<<<<<<<<<<<<< 
[2022-08-16 21:35:20,310]^;INFO^;54^;model_trainer.py^;initiate_model_trainer()^;Loading transformed training dataset
[2022-08-16 21:35:20,314]^;INFO^;58^;model_trainer.py^;initiate_model_trainer()^;Loading transformed testing dataset
[2022-08-16 21:35:20,315]^;INFO^;62^;model_trainer.py^;initiate_model_trainer()^;Splitting training and testing input and target feature
[2022-08-16 21:35:20,315]^;INFO^;66^;model_trainer.py^;initiate_model_trainer()^;Extracting model config file path
[2022-08-16 21:35:20,315]^;INFO^;69^;model_trainer.py^;initiate_model_trainer()^;Initializing model factory class using above model config file: config\model.yaml
[2022-08-16 21:35:20,321]^;INFO^;74^;model_trainer.py^;initiate_model_trainer()^;Expected accuracy: 0.6
[2022-08-16 21:35:20,321]^;INFO^;76^;model_trainer.py^;initiate_model_trainer()^;Initiating operation model selecttion
[2022-08-16 21:35:20,321]^;INFO^;366^;model_factory.py^;get_best_model()^;Started Initializing model from config file
[2022-08-16 21:35:20,321]^;INFO^;210^;model_factory.py^;class_for_name()^;Executing command: from <module 'sklearn.linear_model' from 'C:\\Users\\jjini\\insurance-\\venv\\lib\\site-packages\\sklearn\\linear_model\\__init__.py'> import LinearRegression
[2022-08-16 21:35:20,323]^;INFO^;189^;model_factory.py^;update_property_of_class()^;Executing:$ LinearRegression().fit_intercept=True
[2022-08-16 21:35:20,379]^;INFO^;210^;model_factory.py^;class_for_name()^;Executing command: from <module 'sklearn.ensemble' from 'C:\\Users\\jjini\\insurance-\\venv\\lib\\site-packages\\sklearn\\ensemble\\__init__.py'> import RandomForestRegressor
[2022-08-16 21:35:20,380]^;INFO^;189^;model_factory.py^;update_property_of_class()^;Executing:$ RandomForestRegressor().min_samples_leaf=3
[2022-08-16 21:35:20,381]^;INFO^;368^;model_factory.py^;get_best_model()^;Initialized model: [InitializedModelDetail(model_serial_number='module_0', model=LinearRegression(), param_grid_search={'fit_intercept': [True, False]}, model_name='sklearn.linear_model.LinearRegression'), InitializedModelDetail(model_serial_number='module_1', model=RandomForestRegressor(min_samples_leaf=3), param_grid_search={'min_samples_leaf': [6]}, model_name='sklearn.ensemble.RandomForestRegressor')]
[2022-08-16 21:35:20,381]^;INFO^;210^;model_factory.py^;class_for_name()^;Executing command: from <module 'sklearn.model_selection' from 'C:\\Users\\jjini\\insurance-\\venv\\lib\\site-packages\\sklearn\\model_selection\\__init__.py'> import GridSearchCV
[2022-08-16 21:35:20,382]^;INFO^;189^;model_factory.py^;update_property_of_class()^;Executing:$ GridSearchCV(estimator=LinearRegression(),
             param_grid={'fit_intercept': [True, False]}).cv=5
[2022-08-16 21:35:20,382]^;INFO^;189^;model_factory.py^;update_property_of_class()^;Executing:$ GridSearchCV(cv=5, estimator=LinearRegression(),
             param_grid={'fit_intercept': [True, False]}).verbose=2
[2022-08-16 21:35:20,382]^;INFO^;243^;model_factory.py^;execute_grid_search_operation()^;>>>>>>>>>>>>>>>>>>>>>>>>>>>>>>>>>>>>>>>>>>>>>>>>>>>>>>>>>>>> f"Training LinearRegression Started." <<<<<<<<<<<<<<<<<<<<<<<<<<<<<<<<<<<<<<<<<<<<<<<<<<<<<<<<<<<<
[2022-08-16 21:35:20,406]^;INFO^;210^;model_factory.py^;class_for_name()^;Executing command: from <module 'sklearn.model_selection' from 'C:\\Users\\jjini\\insurance-\\venv\\lib\\site-packages\\sklearn\\model_selection\\__init__.py'> import GridSearchCV
[2022-08-16 21:35:20,407]^;INFO^;189^;model_factory.py^;update_property_of_class()^;Executing:$ GridSearchCV(estimator=RandomForestRegressor(min_samples_leaf=3),
             param_grid={'min_samples_leaf': [6]}).cv=5
[2022-08-16 21:35:20,408]^;INFO^;189^;model_factory.py^;update_property_of_class()^;Executing:$ GridSearchCV(cv=5, estimator=RandomForestRegressor(min_samples_leaf=3),
             param_grid={'min_samples_leaf': [6]}).verbose=2
[2022-08-16 21:35:20,408]^;INFO^;243^;model_factory.py^;execute_grid_search_operation()^;>>>>>>>>>>>>>>>>>>>>>>>>>>>>>>>>>>>>>>>>>>>>>>>>>>>>>>>>>>>> f"Training RandomForestRegressor Started." <<<<<<<<<<<<<<<<<<<<<<<<<<<<<<<<<<<<<<<<<<<<<<<<<<<<<<<<<<<<
[2022-08-16 21:35:21,631]^;INFO^;353^;model_factory.py^;get_best_model_from_grid_searched_best_model_list()^;Acceptable model found:GridSearchedBestModel(model_serial_number='module_0', model=LinearRegression(), best_model=LinearRegression(), best_parameters={'fit_intercept': True}, best_score=0.744785626074848)
[2022-08-16 21:35:21,631]^;INFO^;353^;model_factory.py^;get_best_model_from_grid_searched_best_model_list()^;Acceptable model found:GridSearchedBestModel(model_serial_number='module_1', model=RandomForestRegressor(min_samples_leaf=3), best_model=RandomForestRegressor(min_samples_leaf=6), best_parameters={'min_samples_leaf': 6}, best_score=0.8594955416992432)
[2022-08-16 21:35:21,632]^;INFO^;359^;model_factory.py^;get_best_model_from_grid_searched_best_model_list()^;Best model: GridSearchedBestModel(model_serial_number='module_1', model=RandomForestRegressor(min_samples_leaf=3), best_model=RandomForestRegressor(min_samples_leaf=6), best_parameters={'min_samples_leaf': 6}, best_score=0.8594955416992432)
[2022-08-16 21:35:21,632]^;INFO^;79^;model_trainer.py^;initiate_model_trainer()^;Best model found on training dataset: GridSearchedBestModel(model_serial_number='module_1', model=RandomForestRegressor(min_samples_leaf=3), best_model=RandomForestRegressor(min_samples_leaf=6), best_parameters={'min_samples_leaf': 6}, best_score=0.8594955416992432)
[2022-08-16 21:35:21,632]^;INFO^;81^;model_trainer.py^;initiate_model_trainer()^;Extracting trained model list.
[2022-08-16 21:35:21,633]^;INFO^;85^;model_trainer.py^;initiate_model_trainer()^;Evaluation all trained model on training and testing dataset both
[2022-08-16 21:35:21,633]^;INFO^;78^;model_factory.py^;evaluate_regression_model()^;>>>>>>>>>>>>>>>>>>>>>>>>>>>>>>>>>>>>>>>>>>>>>>>>>>>>>>>>>>>>Started evaluating model: [LinearRegression] <<<<<<<<<<<<<<<<<<<<<<<<<<<<<<<<<<<<<<<<<<<<<<<<<<<<<<<<<<<<
[2022-08-16 21:35:21,634]^;INFO^;97^;model_factory.py^;evaluate_regression_model()^;>>>>>>>>>>>>>>>>>>>>>>>>>>>>>>>>>>>>>>>>>>>>>>>>>>>>>>>>>>>> Score <<<<<<<<<<<<<<<<<<<<<<<<<<<<<<<<<<<<<<<<<<<<<<<<<<<<<<<<<<<<
[2022-08-16 21:35:21,634]^;INFO^;98^;model_factory.py^;evaluate_regression_model()^;Train Score		 Test Score		 Average Score
[2022-08-16 21:35:21,635]^;INFO^;99^;model_factory.py^;evaluate_regression_model()^;0.7504974702000087		 0.7513308760855887		0.7509139419028664
[2022-08-16 21:35:21,635]^;INFO^;101^;model_factory.py^;evaluate_regression_model()^;>>>>>>>>>>>>>>>>>>>>>>>>>>>>>>>>>>>>>>>>>>>>>>>>>>>>>>>>>>>> Loss <<<<<<<<<<<<<<<<<<<<<<<<<<<<<<<<<<<<<<<<<<<<<<<<<<<<<<<<<<<<
[2022-08-16 21:35:21,635]^;INFO^;102^;model_factory.py^;evaluate_regression_model()^;Diff test train accuracy: [0.0008334058855800075].
[2022-08-16 21:35:21,635]^;INFO^;103^;model_factory.py^;evaluate_regression_model()^;Train root mean squared error: [5996.894203308609].
[2022-08-16 21:35:21,635]^;INFO^;104^;model_factory.py^;evaluate_regression_model()^;Test root mean squared error: [6230.462364971671].
[2022-08-16 21:35:21,635]^;INFO^;120^;model_factory.py^;evaluate_regression_model()^;Acceptable model found MetricInfoArtifact(model_name='LinearRegression()', model_object=LinearRegression(), train_rmse=5996.894203308609, test_rmse=6230.462364971671, train_accuracy=0.7504974702000087, test_accuracy=0.7513308760855887, model_accuracy=0.7509139419028664, index_number=0). 
[2022-08-16 21:35:21,635]^;INFO^;78^;model_factory.py^;evaluate_regression_model()^;>>>>>>>>>>>>>>>>>>>>>>>>>>>>>>>>>>>>>>>>>>>>>>>>>>>>>>>>>>>>Started evaluating model: [RandomForestRegressor] <<<<<<<<<<<<<<<<<<<<<<<<<<<<<<<<<<<<<<<<<<<<<<<<<<<<<<<<<<<<
[2022-08-16 21:35:21,664]^;INFO^;97^;model_factory.py^;evaluate_regression_model()^;>>>>>>>>>>>>>>>>>>>>>>>>>>>>>>>>>>>>>>>>>>>>>>>>>>>>>>>>>>>> Score <<<<<<<<<<<<<<<<<<<<<<<<<<<<<<<<<<<<<<<<<<<<<<<<<<<<<<<<<<<<
[2022-08-16 21:35:21,664]^;INFO^;98^;model_factory.py^;evaluate_regression_model()^;Train Score		 Test Score		 Average Score
[2022-08-16 21:35:21,664]^;INFO^;99^;model_factory.py^;evaluate_regression_model()^;0.9067600332424828		 0.8445809564183697		0.874566701332323
[2022-08-16 21:35:21,665]^;INFO^;101^;model_factory.py^;evaluate_regression_model()^;>>>>>>>>>>>>>>>>>>>>>>>>>>>>>>>>>>>>>>>>>>>>>>>>>>>>>>>>>>>> Loss <<<<<<<<<<<<<<<<<<<<<<<<<<<<<<<<<<<<<<<<<<<<<<<<<<<<<<<<<<<<
[2022-08-16 21:35:21,665]^;INFO^;102^;model_factory.py^;evaluate_regression_model()^;Diff test train accuracy: [0.062179076824113055].
[2022-08-16 21:35:21,665]^;INFO^;103^;model_factory.py^;evaluate_regression_model()^;Train root mean squared error: [3665.978937137254].
[2022-08-16 21:35:21,665]^;INFO^;104^;model_factory.py^;evaluate_regression_model()^;Test root mean squared error: [4925.62631619532].
[2022-08-16 21:35:21,665]^;INFO^;88^;model_trainer.py^;initiate_model_trainer()^;Best found model on both training and testing dataset.
[2022-08-16 21:35:21,665]^;INFO^;96^;model_trainer.py^;initiate_model_trainer()^;Saving model at path: C:\Users\jjini\insurance-\insurance\artifact\model_trainer\2022-08-16-21-35-19\trained_model\model.pkl
[2022-08-16 21:35:21,669]^;INFO^;110^;model_trainer.py^;initiate_model_trainer()^;Model Trainer Artifact: ModelTrainerArtifact(is_trained=True, message='Model Trained successfully', trained_model_file_path='C:\\Users\\jjini\\insurance-\\insurance\\artifact\\model_trainer\\2022-08-16-21-35-19\\trained_model\\model.pkl', train_rmse=5996.894203308609, test_rmse=6230.462364971671, train_accuracy=0.7504974702000087, test_accuracy=0.7513308760855887, model_accuracy=0.7509139419028664)
[2022-08-16 21:35:21,670]^;INFO^;116^;model_trainer.py^;__del__()^;>>>>>>>>>>>>>>>>>>>>>>>>>>>>>>>>>>>>>>>>>>>>>>>>>>>>>>>>>>>>Model trainer log completed.<<<<<<<<<<<<<<<<<<<<<<<<<<<<<<<<<<<<<<<<<<<<<<<<<<<<<<<<<<<< 
[2022-08-16 21:35:21,670]^;INFO^;194^;configuration.py^;get_model_evaluation_config()^;Model Evaluation Config: ModelEvaluationConfig(model_evaluation_file_path='C:\\Users\\jjini\\insurance-\\insurance\\artifact\\model_evaluation\\model_evaluation.yaml', time_stamp='2022-08-16-21-35-19').
[2022-08-16 21:35:21,670]^;INFO^;24^;model_evaluation.py^;__init__()^;>>>>>>>>>>>>>>>>>>>>>>>>>>>>>>>>>>>>>>>>>>>>>>>>>>>>>>>>>>>>Model Evaluation log started.<<<<<<<<<<<<<<<<<<<<<<<<<<<<<<<<<<<<<<<<<<<<<<<<<<<<<<<<<<<< 
[2022-08-16 21:35:21,686]^;INFO^;106^;model_evaluation.py^;initiate_model_evaluation()^;Converting target column into numpy array.
[2022-08-16 21:35:21,687]^;INFO^;109^;model_evaluation.py^;initiate_model_evaluation()^;Conversion completed target column into numpy array.
[2022-08-16 21:35:21,687]^;INFO^;112^;model_evaluation.py^;initiate_model_evaluation()^;Dropping target column from the dataframe.
[2022-08-16 21:35:21,689]^;INFO^;115^;model_evaluation.py^;initiate_model_evaluation()^;Dropping target column from the dataframe completed.
[2022-08-16 21:35:21,690]^;INFO^;120^;model_evaluation.py^;initiate_model_evaluation()^;Not found any existing model. Hence accepting trained model
[2022-08-16 21:35:21,690]^;INFO^;64^;model_evaluation.py^;update_evaluation_report()^;Previous eval result: {}
[2022-08-16 21:35:21,690]^;INFO^;80^;model_evaluation.py^;update_evaluation_report()^;Updated eval result:{'best_model': {'model_path': 'C:\\Users\\jjini\\insurance-\\insurance\\artifact\\model_trainer\\2022-08-16-21-35-19\\trained_model\\model.pkl'}}
[2022-08-16 21:35:21,691]^;INFO^;124^;model_evaluation.py^;initiate_model_evaluation()^;Model accepted. Model eval artifact ModelEvaluationArtifact(is_model_accepted=True, evaluated_model_path='C:\\Users\\jjini\\insurance-\\insurance\\artifact\\model_trainer\\2022-08-16-21-35-19\\trained_model\\model.pkl') created
[2022-08-16 21:35:21,691]^;INFO^;160^;model_evaluation.py^;__del__()^;====================Model Evaluation log completed.==================== 
[2022-08-16 21:35:21,691]^;INFO^;208^;configuration.py^;get_model_pusher_config()^;Model pusher config ModelPusherConfig(export_dir_path='C:\\Users\\jjini\\insurance-\\saved_models\\20220816213521')
[2022-08-16 21:35:21,692]^;INFO^;15^;model_pusher.py^;__init__()^;>>>>>>>>>>>>>>>>>>>>>>>>>>>>>>>>>>>>>>>>>>>>>>>>>>>>>>>>>>>>Model Pusher log started.<<<<<<<<<<<<<<<<<<<<<<<<<<<<<<<<<<<<<<<<<<<<<<<<<<<<<<<<<<<< 
[2022-08-16 21:35:21,692]^;INFO^;28^;model_pusher.py^;export_model()^;Exporting model file: [C:\Users\jjini\insurance-\saved_models\20220816213521\model.pkl]
[2022-08-16 21:35:21,693]^;INFO^;34^;model_pusher.py^;export_model()^;Trained model: C:\Users\jjini\insurance-\insurance\artifact\model_trainer\2022-08-16-21-35-19\trained_model\model.pkl is copied in export dir:[C:\Users\jjini\insurance-\saved_models\20220816213521\model.pkl]
[2022-08-16 21:35:21,693]^;INFO^;39^;model_pusher.py^;export_model()^;Model pusher artifact: [ModelPusherArtifact(is_model_pusher=True, export_model_file_path='C:\\Users\\jjini\\insurance-\\saved_models\\20220816213521\\model.pkl')]
[2022-08-16 21:35:21,693]^;INFO^;51^;model_pusher.py^;__del__()^;>>>>>>>>>>>>>>>>>>>>>>>>>>>>>>>>>>>>>>>>Model Pusher log completed.<<<<<<<<<<<<<<<<<<<<<<<<<<<<<<<<<<<<<<<< 
[2022-08-16 21:35:21,693]^;INFO^;150^;pipeline.py^;run_pipeline()^;Model pusher artifact: ModelPusherArtifact(is_model_pusher=True, export_model_file_path='C:\\Users\\jjini\\insurance-\\saved_models\\20220816213521\\model.pkl')
[2022-08-16 21:35:21,693]^;INFO^;153^;pipeline.py^;run_pipeline()^;Pipeline completed.
[2022-08-16 21:35:21,693]^;INFO^;168^;pipeline.py^;run_pipeline()^;Pipeline experiment: Experiment(experiment_id='fa257ccc-d7a8-4e14-8fe2-3dd72e896918', initialization_timestamp='2022-08-16-21-35-19', artifact_time_stamp='2022-08-16-21-35-19', running_status=False, start_time=datetime.datetime(2022, 8, 16, 21, 35, 19, 856034), stop_time=datetime.datetime(2022, 8, 16, 21, 35, 21, 693550), execution_time=datetime.timedelta(seconds=1, microseconds=837516), message='Pipeline has been completed.', experiment_file_path='C:\\Users\\jjini\\insurance-\\insurance\\artifact\\experiment\\experiment.csv', accuracy=0.7509139419028664, is_model_accepted=True)
[2022-08-16 21:35:23,916]^;INFO^;224^;_internal.py^;_log()^;127.0.0.1 - - [16/Aug/2022 21:35:23] "GET /update_model_config HTTP/1.1" 200 -
[2022-08-16 21:35:32,964]^;ERROR^;198^;app.py^;update_model_config()^;Expecting value: line 1 column 1 (char 0)
Traceback (most recent call last):
  File "C:\Users\jjini\insurance-\app.py", line 190, in update_model_config
    model_config = json.loads(model_config)
  File "C:\Users\jjini\insurance-\venv\lib\json\__init__.py", line 348, in loads
    return _default_decoder.decode(s)
  File "C:\Users\jjini\insurance-\venv\lib\json\decoder.py", line 337, in decode
    obj, end = self.raw_decode(s, idx=_w(s, 0).end())
  File "C:\Users\jjini\insurance-\venv\lib\json\decoder.py", line 355, in raw_decode
    raise JSONDecodeError("Expecting value", s, err.value) from None
json.decoder.JSONDecodeError: Expecting value: line 1 column 1 (char 0)
[2022-08-16 21:35:35,697]^;INFO^;224^;_internal.py^;_log()^;127.0.0.1 - - [16/Aug/2022 21:35:35] "POST /update_model_config HTTP/1.1" 200 -
[2022-08-16 21:35:39,421]^;INFO^;224^;_internal.py^;_log()^;127.0.0.1 - - [16/Aug/2022 21:35:39] "GET /update_model_config HTTP/1.1" 200 -
[2022-08-16 21:42:56,180]^;INFO^;224^;_internal.py^;_log()^;127.0.0.1 - - [16/Aug/2022 21:42:56] "GET / HTTP/1.1" 200 -
[2022-08-16 21:42:58,858]^;INFO^;224^;_internal.py^;_log()^;127.0.0.1 - - [16/Aug/2022 21:42:58] "GET /predict HTTP/1.1" 200 -
[2022-08-16 21:43:05,504]^;INFO^;224^;_internal.py^;_log()^;127.0.0.1 - - [16/Aug/2022 21:43:05] "POST /predict HTTP/1.1" 200 -
[2022-08-16 21:48:20,126]^;INFO^;224^;_internal.py^;_log()^;127.0.0.1 - - [16/Aug/2022 21:48:20] "[35m[1mPOST /predict HTTP/1.1[0m" 500 -
[2022-08-16 21:48:20,143]^;INFO^;224^;_internal.py^;_log()^;127.0.0.1 - - [16/Aug/2022 21:48:20] "[36mGET /predict?__debugger__=yes&cmd=resource&f=style.css HTTP/1.1[0m" 304 -
[2022-08-16 21:48:20,386]^;INFO^;224^;_internal.py^;_log()^;127.0.0.1 - - [16/Aug/2022 21:48:20] "[36mGET /predict?__debugger__=yes&cmd=resource&f=debugger.js HTTP/1.1[0m" 304 -
[2022-08-16 21:48:20,731]^;INFO^;224^;_internal.py^;_log()^;127.0.0.1 - - [16/Aug/2022 21:48:20] "[36mGET /predict?__debugger__=yes&cmd=resource&f=console.png HTTP/1.1[0m" 304 -
[2022-08-16 21:48:20,999]^;INFO^;224^;_internal.py^;_log()^;127.0.0.1 - - [16/Aug/2022 21:48:20] "[36mGET /predict?__debugger__=yes&cmd=resource&f=console.png HTTP/1.1[0m" 304 -
[2022-08-16 21:48:36,133]^;INFO^;224^;_internal.py^;_log()^;127.0.0.1 - - [16/Aug/2022 21:48:36] "[35m[1mPOST /predict HTTP/1.1[0m" 500 -
[2022-08-16 21:48:36,160]^;INFO^;224^;_internal.py^;_log()^;127.0.0.1 - - [16/Aug/2022 21:48:36] "[36mGET /predict?__debugger__=yes&cmd=resource&f=style.css HTTP/1.1[0m" 304 -
[2022-08-16 21:48:36,478]^;INFO^;224^;_internal.py^;_log()^;127.0.0.1 - - [16/Aug/2022 21:48:36] "[36mGET /predict?__debugger__=yes&cmd=resource&f=debugger.js HTTP/1.1[0m" 304 -
[2022-08-16 21:48:36,810]^;INFO^;224^;_internal.py^;_log()^;127.0.0.1 - - [16/Aug/2022 21:48:36] "[36mGET /predict?__debugger__=yes&cmd=resource&f=console.png HTTP/1.1[0m" 304 -
[2022-08-16 21:48:37,078]^;INFO^;224^;_internal.py^;_log()^;127.0.0.1 - - [16/Aug/2022 21:48:37] "[36mGET /predict?__debugger__=yes&cmd=resource&f=console.png HTTP/1.1[0m" 304 -
[2022-08-16 21:48:47,092]^;INFO^;224^;_internal.py^;_log()^;127.0.0.1 - - [16/Aug/2022 21:48:47] "POST /predict HTTP/1.1" 200 -
[2022-08-18 18:40:54,619]^;INFO^;224^;_internal.py^;_log()^;127.0.0.1 - - [18/Aug/2022 18:40:54] "POST /predict HTTP/1.1" 200 -
[2022-08-18 18:41:01,857]^;INFO^;224^;_internal.py^;_log()^;127.0.0.1 - - [18/Aug/2022 18:41:01] "POST /predict HTTP/1.1" 200 -
